[debug] [2025-07-18T21:49:19.796Z] ----------------------------------------------------------------------
[debug] [2025-07-18T21:49:19.805Z] Command:       /Users/canberkvarli/.asdf/installs/nodejs/20.18.0/bin/node /Users/canberkvarli/.asdf/installs/nodejs/20.18.0/bin/firebase deploy --only functions
[debug] [2025-07-18T21:49:19.805Z] CLI Version:   14.11.0
[debug] [2025-07-18T21:49:19.805Z] Platform:      darwin
[debug] [2025-07-18T21:49:19.805Z] Node Version:  v20.18.0
[debug] [2025-07-18T21:49:19.805Z] Time:          Fri Jul 18 2025 14:49:19 GMT-0700 (Pacific Daylight Time)
[debug] [2025-07-18T21:49:19.806Z] ----------------------------------------------------------------------
[debug] 
[debug] [2025-07-18T21:49:19.914Z] > command requires scopes: ["email","openid","https://www.googleapis.com/auth/cloudplatformprojects.readonly","https://www.googleapis.com/auth/firebase","https://www.googleapis.com/auth/cloud-platform"]
[debug] [2025-07-18T21:49:19.915Z] > authorizing via signed-in user (canberkvarli@gmail.com)
[debug] [2025-07-18T21:49:19.915Z] [iam] checking project fullcircle-3d01a for permissions ["cloudfunctions.functions.create","cloudfunctions.functions.delete","cloudfunctions.functions.get","cloudfunctions.functions.list","cloudfunctions.functions.update","cloudfunctions.operations.get","firebase.projects.get"]
[debug] [2025-07-18T21:49:19.915Z] Checked if tokens are valid: true, expires at: 1752877068155
[debug] [2025-07-18T21:49:19.915Z] Checked if tokens are valid: true, expires at: 1752877068155
[debug] [2025-07-18T21:49:19.916Z] >>> [apiv2][query] POST https://cloudresourcemanager.googleapis.com/v1/projects/fullcircle-3d01a:testIamPermissions [none]
[debug] [2025-07-18T21:49:19.916Z] >>> [apiv2][(partial)header] POST https://cloudresourcemanager.googleapis.com/v1/projects/fullcircle-3d01a:testIamPermissions x-goog-quota-user=projects/fullcircle-3d01a
[debug] [2025-07-18T21:49:19.916Z] >>> [apiv2][body] POST https://cloudresourcemanager.googleapis.com/v1/projects/fullcircle-3d01a:testIamPermissions {"permissions":["cloudfunctions.functions.create","cloudfunctions.functions.delete","cloudfunctions.functions.get","cloudfunctions.functions.list","cloudfunctions.functions.update","cloudfunctions.operations.get","firebase.projects.get"]}
[debug] [2025-07-18T21:49:23.112Z] <<< [apiv2][status] POST https://cloudresourcemanager.googleapis.com/v1/projects/fullcircle-3d01a:testIamPermissions 200
[debug] [2025-07-18T21:49:23.113Z] <<< [apiv2][body] POST https://cloudresourcemanager.googleapis.com/v1/projects/fullcircle-3d01a:testIamPermissions {"permissions":["cloudfunctions.functions.create","cloudfunctions.functions.delete","cloudfunctions.functions.get","cloudfunctions.functions.list","cloudfunctions.functions.update","cloudfunctions.operations.get","firebase.projects.get"]}
[debug] [2025-07-18T21:49:23.113Z] Checked if tokens are valid: true, expires at: 1752877068155
[debug] [2025-07-18T21:49:23.113Z] Checked if tokens are valid: true, expires at: 1752877068155
[debug] [2025-07-18T21:49:23.113Z] >>> [apiv2][query] POST https://iam.googleapis.com/v1/projects/fullcircle-3d01a/serviceAccounts/fullcircle-3d01a@appspot.gserviceaccount.com:testIamPermissions [none]
[debug] [2025-07-18T21:49:23.114Z] >>> [apiv2][body] POST https://iam.googleapis.com/v1/projects/fullcircle-3d01a/serviceAccounts/fullcircle-3d01a@appspot.gserviceaccount.com:testIamPermissions {"permissions":["iam.serviceAccounts.actAs"]}
[debug] [2025-07-18T21:49:23.458Z] <<< [apiv2][status] POST https://iam.googleapis.com/v1/projects/fullcircle-3d01a/serviceAccounts/fullcircle-3d01a@appspot.gserviceaccount.com:testIamPermissions 200
[debug] [2025-07-18T21:49:23.459Z] <<< [apiv2][body] POST https://iam.googleapis.com/v1/projects/fullcircle-3d01a/serviceAccounts/fullcircle-3d01a@appspot.gserviceaccount.com:testIamPermissions {"permissions":["iam.serviceAccounts.actAs"]}
[info] 
[info] === Deploying to 'fullcircle-3d01a'...
[info] 
[info] i  deploying functions 
[debug] [2025-07-18T21:49:23.462Z] Checked if tokens are valid: true, expires at: 1752877068155
[debug] [2025-07-18T21:49:23.462Z] Checked if tokens are valid: true, expires at: 1752877068155
[debug] [2025-07-18T21:49:23.462Z] >>> [apiv2][query] GET https://cloudresourcemanager.googleapis.com/v1/projects/fullcircle-3d01a [none]
[debug] [2025-07-18T21:49:23.590Z] <<< [apiv2][status] GET https://cloudresourcemanager.googleapis.com/v1/projects/fullcircle-3d01a 200
[debug] [2025-07-18T21:49:23.590Z] <<< [apiv2][body] GET https://cloudresourcemanager.googleapis.com/v1/projects/fullcircle-3d01a {"projectNumber":"856286042200","projectId":"fullcircle-3d01a","lifecycleState":"ACTIVE","name":"fullcircle","labels":{"firebase":"enabled"},"createTime":"2024-06-18T04:51:43.257647Z"}
[info] i  functions: preparing codebase default for deployment 
[info] i  functions: ensuring required API cloudfunctions.googleapis.com is enabled... 
[info] i  functions: ensuring required API cloudbuild.googleapis.com is enabled... 
[info] i  artifactregistry: ensuring required API artifactregistry.googleapis.com is enabled... 
[debug] [2025-07-18T21:49:23.593Z] Checked if tokens are valid: true, expires at: 1752877068155
[debug] [2025-07-18T21:49:23.593Z] Checked if tokens are valid: true, expires at: 1752877068155
[debug] [2025-07-18T21:49:23.593Z] >>> [apiv2][query] GET https://firebase.googleapis.com/v1beta1/projects/fullcircle-3d01a/adminSdkConfig [none]
[debug] [2025-07-18T21:49:23.965Z] <<< [apiv2][status] GET https://firebase.googleapis.com/v1beta1/projects/fullcircle-3d01a/adminSdkConfig 200
[debug] [2025-07-18T21:49:23.965Z] <<< [apiv2][body] GET https://firebase.googleapis.com/v1beta1/projects/fullcircle-3d01a/adminSdkConfig {"projectId":"fullcircle-3d01a","databaseURL":"https://fullcircle-3d01a-default-rtdb.firebaseio.com","storageBucket":"fullcircle-3d01a.appspot.com","locationId":"us-central"}
[debug] [2025-07-18T21:49:23.966Z] Checked if tokens are valid: true, expires at: 1752877068155
[debug] [2025-07-18T21:49:23.966Z] Checked if tokens are valid: true, expires at: 1752877068155
[debug] [2025-07-18T21:49:23.966Z] >>> [apiv2][query] GET https://runtimeconfig.googleapis.com/v1beta1/projects/fullcircle-3d01a/configs [none]
[debug] [2025-07-18T21:49:24.166Z] <<< [apiv2][status] GET https://runtimeconfig.googleapis.com/v1beta1/projects/fullcircle-3d01a/configs 200
[debug] [2025-07-18T21:49:24.166Z] <<< [apiv2][body] GET https://runtimeconfig.googleapis.com/v1beta1/projects/fullcircle-3d01a/configs {"configs":[{"name":"projects/fullcircle-3d01a/configs/stripe"}]}
[debug] [2025-07-18T21:49:24.167Z] Checked if tokens are valid: true, expires at: 1752877068155
[debug] [2025-07-18T21:49:24.167Z] Checked if tokens are valid: true, expires at: 1752877068155
[debug] [2025-07-18T21:49:24.167Z] >>> [apiv2][query] GET https://runtimeconfig.googleapis.com/v1beta1/projects/fullcircle-3d01a/configs/stripe/variables [none]
[debug] [2025-07-18T21:49:24.309Z] <<< [apiv2][status] GET https://runtimeconfig.googleapis.com/v1beta1/projects/fullcircle-3d01a/configs/stripe/variables 200
[debug] [2025-07-18T21:49:24.309Z] <<< [apiv2][body] GET https://runtimeconfig.googleapis.com/v1beta1/projects/fullcircle-3d01a/configs/stripe/variables {"variables":[{"name":"projects/fullcircle-3d01a/configs/stripe/variables/secret_key","updateTime":"2025-07-18T04:19:05.152256277Z"}]}
[debug] [2025-07-18T21:49:24.309Z] Checked if tokens are valid: true, expires at: 1752877068155
[debug] [2025-07-18T21:49:24.309Z] Checked if tokens are valid: true, expires at: 1752877068155
[debug] [2025-07-18T21:49:24.310Z] >>> [apiv2][query] GET https://runtimeconfig.googleapis.com/v1beta1/projects/fullcircle-3d01a/configs/stripe/variables/secret_key [none]
[debug] [2025-07-18T21:49:24.476Z] <<< [apiv2][status] GET https://runtimeconfig.googleapis.com/v1beta1/projects/fullcircle-3d01a/configs/stripe/variables/secret_key 200
[debug] [2025-07-18T21:49:24.477Z] <<< [apiv2][body] GET https://runtimeconfig.googleapis.com/v1beta1/projects/fullcircle-3d01a/configs/stripe/variables/secret_key {"name":"projects/fullcircle-3d01a/configs/stripe/variables/secret_key","updateTime":"2025-07-18T04:19:05.152256277Z","text":"sk_test_51RlfjBKGi7kY2GqSYfSds6HOaydp3TwlM5Kvfa09ylq5g1e7Qu3R9pxsSEW4ivEWOubR6UdlPvMD07PESGoyivqf00kEp6uAF2"}
[debug] [2025-07-18T21:49:24.478Z] Validating nodejs source
[warn] ⚠  functions: Runtime Node.js 18 was deprecated on 2025-04-30 and will be decommissioned on 2025-10-30, after which you will not be able to deploy without upgrading. Consider upgrading now to avoid disruption. See https://cloud.google.com/functions/docs/runtime-support for full details on the lifecycle policy 
[warn] ⚠  functions: package.json indicates an outdated version of firebase-functions. Please upgrade using npm install --save firebase-functions@latest in your functions directory. 
[warn] ⚠  functions: Please note that there will be breaking changes when you upgrade. 
[debug] [2025-07-18T21:49:25.057Z] > [functions] package.json contents: {
  "name": "functions",
  "version": "1.0.0",
  "main": "index.js",
  "scripts": {
    "serve": "firebase emulators:start --only functions",
    "shell": "firebase functions:shell",
    "start": "npm run shell",
    "deploy": "firebase deploy --only functions",
    "logs": "firebase functions:log",
    "test": "echo \"Error: no test specified\" && exit 1"
  },
  "engines": {
    "node": "18"
  },
  "dependencies": {
    "cors": "^2.8.5",
    "firebase-admin": "^12.0.0",
    "firebase-functions": "^4.8.0",
    "stripe": "^8.222.0"
  },
  "devDependencies": {
    "firebase-functions-test": "^3.1.0"
  },
  "keywords": [],
  "author": "Canberk",
  "license": "ISC",
  "description": "FullCircle Firebase Cloud Functions for Stripe integration"
}
[debug] [2025-07-18T21:49:25.057Z] Building nodejs source
[info] i  functions: Loading and analyzing source code for codebase default to determine what to deploy 
[info] i  functions: You are using a version of firebase-functions SDK (4.9.0) that does not have support for the newest Firebase Extensions features. Please update firebase-functions SDK to >=5.1.0 to use them correctly 
[debug] [2025-07-18T21:49:25.058Z] Could not find functions.yaml. Must use http discovery
[debug] [2025-07-18T21:49:25.063Z] Found firebase-functions binary at '/Users/canberkvarli/Development/fullcircle/functions/node_modules/.bin/firebase-functions'
[info] Serving at port 8352

[debug] [2025-07-18T21:49:25.403Z] Got response from /__/functions.yaml {"endpoints":{"testStripe":{"platform":"gcfv1","labels":{},"availableMemoryMb":null,"timeoutSeconds":null,"minInstances":null,"maxInstances":null,"ingressSettings":null,"serviceAccountEmail":null,"vpc":null,"callableTrigger":{},"entryPoint":"testStripe"},"createRadiancePayment":{"platform":"gcfv1","labels":{},"availableMemoryMb":null,"timeoutSeconds":null,"minInstances":null,"maxInstances":null,"ingressSettings":null,"serviceAccountEmail":null,"vpc":null,"callableTrigger":{},"entryPoint":"createRadiancePayment"},"confirmRadiancePayment":{"platform":"gcfv1","labels":{},"availableMemoryMb":null,"timeoutSeconds":null,"minInstances":null,"maxInstances":null,"ingressSettings":null,"serviceAccountEmail":null,"vpc":null,"callableTrigger":{},"entryPoint":"confirmRadiancePayment"},"createSubscription":{"platform":"gcfv1","labels":{},"availableMemoryMb":null,"timeoutSeconds":null,"minInstances":null,"maxInstances":null,"ingressSettings":null,"serviceAccountEmail":null,"vpc":null,"callableTrigger":{},"entryPoint":"createSubscription"},"cancelSubscription":{"platform":"gcfv1","labels":{},"availableMemoryMb":null,"timeoutSeconds":null,"minInstances":null,"maxInstances":null,"ingressSettings":null,"serviceAccountEmail":null,"vpc":null,"callableTrigger":{},"entryPoint":"cancelSubscription"},"getSubscriptionStatus":{"platform":"gcfv1","labels":{},"availableMemoryMb":null,"timeoutSeconds":null,"minInstances":null,"maxInstances":null,"ingressSettings":null,"serviceAccountEmail":null,"vpc":null,"callableTrigger":{},"entryPoint":"getSubscriptionStatus"}},"specVersion":"v1alpha1","requiredAPIs":[]}
[info] i  functions: Loaded environment variables from .env. 
[info] i  functions: preparing functions directory for uploading... 
[info] i  functions: packaged /Users/canberkvarli/Development/fullcircle/functions (77.19 KB) for uploading 
[debug] [2025-07-18T21:49:29.463Z] Checked if tokens are valid: true, expires at: 1752877068155
[debug] [2025-07-18T21:49:29.464Z] Checked if tokens are valid: true, expires at: 1752877068155
[debug] [2025-07-18T21:49:29.464Z] >>> [apiv2][query] GET https://cloudfunctions.googleapis.com/v1/projects/fullcircle-3d01a/locations/-/functions [none]
[debug] [2025-07-18T21:49:29.886Z] <<< [apiv2][status] GET https://cloudfunctions.googleapis.com/v1/projects/fullcircle-3d01a/locations/-/functions 200
[debug] [2025-07-18T21:49:29.886Z] <<< [apiv2][body] GET https://cloudfunctions.googleapis.com/v1/projects/fullcircle-3d01a/locations/-/functions {"functions":[{"name":"projects/fullcircle-3d01a/locations/us-central1/functions/stripeWebhook","httpsTrigger":{"url":"https://us-central1-fullcircle-3d01a.cloudfunctions.net/stripeWebhook","securityLevel":"SECURE_ALWAYS"},"status":"ACTIVE","entryPoint":"stripeWebhook","timeout":"60s","availableMemoryMb":256,"serviceAccountEmail":"fullcircle-3d01a@appspot.gserviceaccount.com","updateTime":"2025-07-18T05:04:53.067Z","versionId":"11","labels":{"deployment-tool":"cli-firebase","firebase-functions-hash":"cfc2978bfc027feeab0fc6e627cf26062975a72b"},"sourceUploadUrl":"https://storage.googleapis.com/uploads-350255001662.us-central1.cloudfunctions.appspot.com/955c42ff-85ff-45c3-9e79-1d5ecb83adad.zip","environmentVariables":{"FIREBASE_CONFIG":"{\"projectId\":\"fullcircle-3d01a\",\"databaseURL\":\"https://fullcircle-3d01a-default-rtdb.firebaseio.com\",\"storageBucket\":\"fullcircle-3d01a.appspot.com\",\"locationId\":\"us-central\"}","GCLOUD_PROJECT":"fullcircle-3d01a","EVENTARC_CLOUD_EVENT_SOURCE":"projects/fullcircle-3d01a/locations/us-central1/functions/stripeWebhook"},"runtime":"nodejs18","ingressSettings":"ALLOW_ALL","buildId":"c75c0e98-d918-4a8d-9cd6-27375ebf401b","buildEnvironmentVariables":{"GOOGLE_NODE_RUN_SCRIPTS":""},"buildName":"projects/856286042200/locations/us-central1/builds/c75c0e98-d918-4a8d-9cd6-27375ebf401b","dockerRegistry":"ARTIFACT_REGISTRY","automaticUpdatePolicy":{},"buildServiceAccount":"projects/fullcircle-3d01a/serviceAccounts/856286042200-compute@developer.gserviceaccount.com","satisfiesPzi":true},{"name":"projects/fullcircle-3d01a/locations/us-central1/functions/testStripeInside","httpsTrigger":{"url":"https://us-central1-fullcircle-3d01a.cloudfunctions.net/testStripeInside","securityLevel":"SECURE_ALWAYS"},"status":"ACTIVE","entryPoint":"testStripeInside","timeout":"60s","availableMemoryMb":256,"serviceAccountEmail":"fullcircle-3d01a@appspot.gserviceaccount.com","updateTime":"2025-07-18T04:41:50.342752348Z","versionId":"1","labels":{"deployment-tool":"cli-firebase","deployment-callable":"true","firebase-functions-hash":"c2af0aee6814373e4ab73d467f57ea1c056bd0d8"},"sourceUploadUrl":"https://storage.googleapis.com/uploads-350255001662.us-central1.cloudfunctions.appspot.com/7de533b4-e156-4955-9c60-15b07c75f9d4.zip","environmentVariables":{"FIREBASE_CONFIG":"{\"projectId\":\"fullcircle-3d01a\",\"databaseURL\":\"https://fullcircle-3d01a-default-rtdb.firebaseio.com\",\"storageBucket\":\"fullcircle-3d01a.appspot.com\",\"locationId\":\"us-central\"}","GCLOUD_PROJECT":"fullcircle-3d01a","EVENTARC_CLOUD_EVENT_SOURCE":"projects/fullcircle-3d01a/locations/us-central1/functions/testStripeInside"},"runtime":"nodejs18","ingressSettings":"ALLOW_ALL","buildId":"9285aeca-9e5f-4d3d-a285-38117039621e","buildEnvironmentVariables":{"GOOGLE_NODE_RUN_SCRIPTS":""},"buildName":"projects/856286042200/locations/us-central1/builds/9285aeca-9e5f-4d3d-a285-38117039621e","dockerRegistry":"ARTIFACT_REGISTRY","automaticUpdatePolicy":{},"buildServiceAccount":"projects/fullcircle-3d01a/serviceAccounts/856286042200-compute@developer.gserviceaccount.com","satisfiesPzi":true},{"name":"projects/fullcircle-3d01a/locations/us-central1/functions/getSubscriptionStatus","httpsTrigger":{"url":"https://us-central1-fullcircle-3d01a.cloudfunctions.net/getSubscriptionStatus","securityLevel":"SECURE_ALWAYS"},"status":"ACTIVE","entryPoint":"getSubscriptionStatus","timeout":"60s","availableMemoryMb":256,"serviceAccountEmail":"fullcircle-3d01a@appspot.gserviceaccount.com","updateTime":"2025-07-18T21:48:24.247Z","versionId":"17","labels":{"deployment-tool":"cli-firebase","deployment-callable":"true","firebase-functions-hash":"089c1277b3cc9f5950b465483a1974b3bcc7b139"},"sourceUploadUrl":"https://storage.googleapis.com/uploads-350255001662.us-central1.cloudfunctions.appspot.com/4fb64bd3-dafd-45ca-a82b-02675e1f32ef.zip","environmentVariables":{"STRIPE_SECRET_KEY":"sk_test_51RlfjBKGi7kY2GqSYfSds6HOaydp3TwlM5Kvfa09ylq5g1e7Qu3R9pxsSEW4ivEWOubR6UdlPvMD07PESGoyivqf00kEp6uAF2","FIREBASE_CONFIG":"{\"projectId\":\"fullcircle-3d01a\",\"databaseURL\":\"https://fullcircle-3d01a-default-rtdb.firebaseio.com\",\"storageBucket\":\"fullcircle-3d01a.appspot.com\",\"locationId\":\"us-central\"}","GCLOUD_PROJECT":"fullcircle-3d01a","EVENTARC_CLOUD_EVENT_SOURCE":"projects/fullcircle-3d01a/locations/us-central1/functions/getSubscriptionStatus"},"runtime":"nodejs18","ingressSettings":"ALLOW_ALL","buildId":"f9744bc0-822c-4b80-a463-47fd5dc83df7","buildEnvironmentVariables":{"GOOGLE_NODE_RUN_SCRIPTS":""},"buildName":"projects/856286042200/locations/us-central1/builds/f9744bc0-822c-4b80-a463-47fd5dc83df7","dockerRegistry":"ARTIFACT_REGISTRY","automaticUpdatePolicy":{},"buildServiceAccount":"projects/fullcircle-3d01a/serviceAccounts/856286042200-compute@developer.gserviceaccount.com","satisfiesPzi":true},{"name":"projects/fullcircle-3d01a/locations/us-central1/functions/createSubscription","httpsTrigger":{"url":"https://us-central1-fullcircle-3d01a.cloudfunctions.net/createSubscription","securityLevel":"SECURE_ALWAYS"},"status":"ACTIVE","entryPoint":"createSubscription","timeout":"60s","availableMemoryMb":256,"serviceAccountEmail":"fullcircle-3d01a@appspot.gserviceaccount.com","updateTime":"2025-07-18T21:48:29.879Z","versionId":"28","labels":{"deployment-tool":"cli-firebase","deployment-callable":"true","firebase-functions-hash":"089c1277b3cc9f5950b465483a1974b3bcc7b139"},"sourceUploadUrl":"https://storage.googleapis.com/uploads-350255001662.us-central1.cloudfunctions.appspot.com/4fb64bd3-dafd-45ca-a82b-02675e1f32ef.zip","environmentVariables":{"STRIPE_SECRET_KEY":"sk_test_51RlfjBKGi7kY2GqSYfSds6HOaydp3TwlM5Kvfa09ylq5g1e7Qu3R9pxsSEW4ivEWOubR6UdlPvMD07PESGoyivqf00kEp6uAF2","FIREBASE_CONFIG":"{\"projectId\":\"fullcircle-3d01a\",\"databaseURL\":\"https://fullcircle-3d01a-default-rtdb.firebaseio.com\",\"storageBucket\":\"fullcircle-3d01a.appspot.com\",\"locationId\":\"us-central\"}","GCLOUD_PROJECT":"fullcircle-3d01a","EVENTARC_CLOUD_EVENT_SOURCE":"projects/fullcircle-3d01a/locations/us-central1/functions/createSubscription"},"runtime":"nodejs18","ingressSettings":"ALLOW_ALL","buildId":"f9744bc0-822c-4b80-a463-47fd5dc83df7","buildEnvironmentVariables":{"GOOGLE_NODE_RUN_SCRIPTS":""},"buildName":"projects/856286042200/locations/us-central1/builds/f9744bc0-822c-4b80-a463-47fd5dc83df7","dockerRegistry":"ARTIFACT_REGISTRY","automaticUpdatePolicy":{},"buildServiceAccount":"projects/fullcircle-3d01a/serviceAccounts/856286042200-compute@developer.gserviceaccount.com","satisfiesPzi":true},{"name":"projects/fullcircle-3d01a/locations/us-central1/functions/testStripe","httpsTrigger":{"url":"https://us-central1-fullcircle-3d01a.cloudfunctions.net/testStripe","securityLevel":"SECURE_ALWAYS"},"status":"ACTIVE","entryPoint":"testStripe","timeout":"60s","availableMemoryMb":256,"serviceAccountEmail":"fullcircle-3d01a@appspot.gserviceaccount.com","updateTime":"2025-07-18T21:48:26.919Z","versionId":"18","labels":{"deployment-tool":"cli-firebase","deployment-callable":"true","firebase-functions-hash":"089c1277b3cc9f5950b465483a1974b3bcc7b139"},"sourceUploadUrl":"https://storage.googleapis.com/uploads-350255001662.us-central1.cloudfunctions.appspot.com/4fb64bd3-dafd-45ca-a82b-02675e1f32ef.zip","environmentVariables":{"STRIPE_SECRET_KEY":"sk_test_51RlfjBKGi7kY2GqSYfSds6HOaydp3TwlM5Kvfa09ylq5g1e7Qu3R9pxsSEW4ivEWOubR6UdlPvMD07PESGoyivqf00kEp6uAF2","FIREBASE_CONFIG":"{\"projectId\":\"fullcircle-3d01a\",\"databaseURL\":\"https://fullcircle-3d01a-default-rtdb.firebaseio.com\",\"storageBucket\":\"fullcircle-3d01a.appspot.com\",\"locationId\":\"us-central\"}","GCLOUD_PROJECT":"fullcircle-3d01a","EVENTARC_CLOUD_EVENT_SOURCE":"projects/fullcircle-3d01a/locations/us-central1/functions/testStripe"},"runtime":"nodejs18","ingressSettings":"ALLOW_ALL","buildId":"f9744bc0-822c-4b80-a463-47fd5dc83df7","buildEnvironmentVariables":{"GOOGLE_NODE_RUN_SCRIPTS":""},"buildName":"projects/856286042200/locations/us-central1/builds/f9744bc0-822c-4b80-a463-47fd5dc83df7","dockerRegistry":"ARTIFACT_REGISTRY","automaticUpdatePolicy":{},"buildServiceAccount":"projects/fullcircle-3d01a/serviceAccounts/856286042200-compute@developer.gserviceaccount.com","satisfiesPzi":true},{"name":"projects/fullcircle-3d01a/locations/us-central1/functions/confirmRadiancePayment","httpsTrigger":{"url":"https://us-central1-fullcircle-3d01a.cloudfunctions.net/confirmRadiancePayment","securityLevel":"SECURE_ALWAYS"},"status":"ACTIVE","entryPoint":"confirmRadiancePayment","timeout":"60s","availableMemoryMb":256,"serviceAccountEmail":"fullcircle-3d01a@appspot.gserviceaccount.com","updateTime":"2025-07-18T21:48:30.925Z","versionId":"20","labels":{"deployment-tool":"cli-firebase","deployment-callable":"true","firebase-functions-hash":"089c1277b3cc9f5950b465483a1974b3bcc7b139"},"sourceUploadUrl":"https://storage.googleapis.com/uploads-350255001662.us-central1.cloudfunctions.appspot.com/4fb64bd3-dafd-45ca-a82b-02675e1f32ef.zip","environmentVariables":{"STRIPE_SECRET_KEY":"sk_test_51RlfjBKGi7kY2GqSYfSds6HOaydp3TwlM5Kvfa09ylq5g1e7Qu3R9pxsSEW4ivEWOubR6UdlPvMD07PESGoyivqf00kEp6uAF2","FIREBASE_CONFIG":"{\"projectId\":\"fullcircle-3d01a\",\"databaseURL\":\"https://fullcircle-3d01a-default-rtdb.firebaseio.com\",\"storageBucket\":\"fullcircle-3d01a.appspot.com\",\"locationId\":\"us-central\"}","GCLOUD_PROJECT":"fullcircle-3d01a","EVENTARC_CLOUD_EVENT_SOURCE":"projects/fullcircle-3d01a/locations/us-central1/functions/confirmRadiancePayment"},"runtime":"nodejs18","ingressSettings":"ALLOW_ALL","buildId":"f9744bc0-822c-4b80-a463-47fd5dc83df7","buildEnvironmentVariables":{"GOOGLE_NODE_RUN_SCRIPTS":""},"buildName":"projects/856286042200/locations/us-central1/builds/f9744bc0-822c-4b80-a463-47fd5dc83df7","dockerRegistry":"ARTIFACT_REGISTRY","automaticUpdatePolicy":{},"buildServiceAccount":"projects/fullcircle-3d01a/serviceAccounts/856286042200-compute@developer.gserviceaccount.com","satisfiesPzi":true},{"name":"projects/fullcircle-3d01a/locations/us-central1/functions/createRadiancePayment","httpsTrigger":{"url":"https://us-central1-fullcircle-3d01a.cloudfunctions.net/createRadiancePayment","securityLevel":"SECURE_ALWAYS"},"status":"ACTIVE","entryPoint":"createRadiancePayment","timeout":"60s","availableMemoryMb":256,"serviceAccountEmail":"fullcircle-3d01a@appspot.gserviceaccount.com","updateTime":"2025-07-18T21:48:26.103Z","versionId":"25","labels":{"firebase-functions-hash":"089c1277b3cc9f5950b465483a1974b3bcc7b139","deployment-tool":"cli-firebase","deployment-callable":"true"},"sourceUploadUrl":"https://storage.googleapis.com/uploads-350255001662.us-central1.cloudfunctions.appspot.com/4fb64bd3-dafd-45ca-a82b-02675e1f32ef.zip","environmentVariables":{"STRIPE_SECRET_KEY":"sk_test_51RlfjBKGi7kY2GqSYfSds6HOaydp3TwlM5Kvfa09ylq5g1e7Qu3R9pxsSEW4ivEWOubR6UdlPvMD07PESGoyivqf00kEp6uAF2","FIREBASE_CONFIG":"{\"projectId\":\"fullcircle-3d01a\",\"databaseURL\":\"https://fullcircle-3d01a-default-rtdb.firebaseio.com\",\"storageBucket\":\"fullcircle-3d01a.appspot.com\",\"locationId\":\"us-central\"}","GCLOUD_PROJECT":"fullcircle-3d01a","EVENTARC_CLOUD_EVENT_SOURCE":"projects/fullcircle-3d01a/locations/us-central1/functions/createRadiancePayment"},"runtime":"nodejs18","ingressSettings":"ALLOW_ALL","buildId":"f9744bc0-822c-4b80-a463-47fd5dc83df7","buildEnvironmentVariables":{"GOOGLE_NODE_RUN_SCRIPTS":""},"buildName":"projects/856286042200/locations/us-central1/builds/f9744bc0-822c-4b80-a463-47fd5dc83df7","dockerRegistry":"ARTIFACT_REGISTRY","automaticUpdatePolicy":{},"buildServiceAccount":"projects/fullcircle-3d01a/serviceAccounts/856286042200-compute@developer.gserviceaccount.com","satisfiesPzi":true},{"name":"projects/fullcircle-3d01a/locations/us-central1/functions/testStripeConnection","httpsTrigger":{"url":"https://us-central1-fullcircle-3d01a.cloudfunctions.net/testStripeConnection","securityLevel":"SECURE_ALWAYS"},"status":"ACTIVE","entryPoint":"testStripeConnection","timeout":"60s","availableMemoryMb":256,"serviceAccountEmail":"fullcircle-3d01a@appspot.gserviceaccount.com","updateTime":"2025-07-18T04:09:08.136Z","versionId":"5","labels":{"deployment-tool":"cli-firebase","deployment-callable":"true","firebase-functions-hash":"a9bf3349ce013497736044cd94488e1b46438e9c"},"sourceUploadUrl":"https://storage.googleapis.com/uploads-350255001662.us-central1.cloudfunctions.appspot.com/41810409-38a1-420d-85d2-ba4ee8dca4f9.zip","environmentVariables":{"FIREBASE_CONFIG":"{\"projectId\":\"fullcircle-3d01a\",\"databaseURL\":\"https://fullcircle-3d01a-default-rtdb.firebaseio.com\",\"storageBucket\":\"fullcircle-3d01a.appspot.com\",\"locationId\":\"us-central\"}","GCLOUD_PROJECT":"fullcircle-3d01a","EVENTARC_CLOUD_EVENT_SOURCE":"projects/fullcircle-3d01a/locations/us-central1/functions/testStripeConnection"},"runtime":"nodejs18","ingressSettings":"ALLOW_ALL","buildId":"4d4440e7-6dae-44fa-a030-215636991f13","buildEnvironmentVariables":{"GOOGLE_NODE_RUN_SCRIPTS":""},"buildName":"projects/856286042200/locations/us-central1/builds/4d4440e7-6dae-44fa-a030-215636991f13","dockerRegistry":"ARTIFACT_REGISTRY","automaticUpdatePolicy":{},"buildServiceAccount":"projects/fullcircle-3d01a/serviceAccounts/856286042200-compute@developer.gserviceaccount.com","satisfiesPzi":true},{"name":"projects/fullcircle-3d01a/locations/us-central1/functions/cancelSubscription","httpsTrigger":{"url":"https://us-central1-fullcircle-3d01a.cloudfunctions.net/cancelSubscription","securityLevel":"SECURE_ALWAYS"},"status":"ACTIVE","entryPoint":"cancelSubscription","timeout":"60s","availableMemoryMb":256,"serviceAccountEmail":"fullcircle-3d01a@appspot.gserviceaccount.com","updateTime":"2025-07-18T21:48:23.226Z","versionId":"17","labels":{"deployment-tool":"cli-firebase","deployment-callable":"true","firebase-functions-hash":"089c1277b3cc9f5950b465483a1974b3bcc7b139"},"sourceUploadUrl":"https://storage.googleapis.com/uploads-350255001662.us-central1.cloudfunctions.appspot.com/4fb64bd3-dafd-45ca-a82b-02675e1f32ef.zip","environmentVariables":{"STRIPE_SECRET_KEY":"sk_test_51RlfjBKGi7kY2GqSYfSds6HOaydp3TwlM5Kvfa09ylq5g1e7Qu3R9pxsSEW4ivEWOubR6UdlPvMD07PESGoyivqf00kEp6uAF2","FIREBASE_CONFIG":"{\"projectId\":\"fullcircle-3d01a\",\"databaseURL\":\"https://fullcircle-3d01a-default-rtdb.firebaseio.com\",\"storageBucket\":\"fullcircle-3d01a.appspot.com\",\"locationId\":\"us-central\"}","GCLOUD_PROJECT":"fullcircle-3d01a","EVENTARC_CLOUD_EVENT_SOURCE":"projects/fullcircle-3d01a/locations/us-central1/functions/cancelSubscription"},"runtime":"nodejs18","ingressSettings":"ALLOW_ALL","buildId":"f9744bc0-822c-4b80-a463-47fd5dc83df7","buildEnvironmentVariables":{"GOOGLE_NODE_RUN_SCRIPTS":""},"buildName":"projects/856286042200/locations/us-central1/builds/f9744bc0-822c-4b80-a463-47fd5dc83df7","dockerRegistry":"ARTIFACT_REGISTRY","automaticUpdatePolicy":{},"buildServiceAccount":"projects/fullcircle-3d01a/serviceAccounts/856286042200-compute@developer.gserviceaccount.com","satisfiesPzi":true}]}
[debug] [2025-07-18T21:49:29.887Z] Checked if tokens are valid: true, expires at: 1752877068155
[debug] [2025-07-18T21:49:29.887Z] Checked if tokens are valid: true, expires at: 1752877068155
[debug] [2025-07-18T21:49:29.887Z] >>> [apiv2][query] GET https://cloudfunctions.googleapis.com/v2/projects/fullcircle-3d01a/locations/-/functions filter=environment%3D%22GEN_2%22
[debug] [2025-07-18T21:49:30.429Z] <<< [apiv2][status] GET https://cloudfunctions.googleapis.com/v2/projects/fullcircle-3d01a/locations/-/functions 200
[debug] [2025-07-18T21:49:30.429Z] <<< [apiv2][body] GET https://cloudfunctions.googleapis.com/v2/projects/fullcircle-3d01a/locations/-/functions {}
[debug] [2025-07-18T21:49:30.431Z] Checked if tokens are valid: true, expires at: 1752877068155
[debug] [2025-07-18T21:49:30.432Z] Checked if tokens are valid: true, expires at: 1752877068155
[debug] [2025-07-18T21:49:30.432Z] >>> [apiv2][query] GET https://cloudresourcemanager.googleapis.com/v1/projects/fullcircle-3d01a [none]
[debug] [2025-07-18T21:49:30.579Z] <<< [apiv2][status] GET https://cloudresourcemanager.googleapis.com/v1/projects/fullcircle-3d01a 200
[debug] [2025-07-18T21:49:30.579Z] <<< [apiv2][body] GET https://cloudresourcemanager.googleapis.com/v1/projects/fullcircle-3d01a {"projectNumber":"856286042200","projectId":"fullcircle-3d01a","lifecycleState":"ACTIVE","name":"fullcircle","labels":{"firebase":"enabled"},"createTime":"2024-06-18T04:51:43.257647Z"}
[debug] [2025-07-18T21:49:30.582Z] Checked if tokens are valid: true, expires at: 1752877068155
[debug] [2025-07-18T21:49:30.583Z] Checked if tokens are valid: true, expires at: 1752877068155
[debug] [2025-07-18T21:49:30.583Z] >>> [apiv2][query] POST https://cloudfunctions.googleapis.com/v1/projects/fullcircle-3d01a/locations/us-central1/functions:generateUploadUrl [none]
[debug] [2025-07-18T21:49:30.583Z] >>> [apiv2][body] POST https://cloudfunctions.googleapis.com/v1/projects/fullcircle-3d01a/locations/us-central1/functions:generateUploadUrl {}
[debug] [2025-07-18T21:49:31.093Z] <<< [apiv2][status] POST https://cloudfunctions.googleapis.com/v1/projects/fullcircle-3d01a/locations/us-central1/functions:generateUploadUrl 200
[debug] [2025-07-18T21:49:31.093Z] <<< [apiv2][body] POST https://cloudfunctions.googleapis.com/v1/projects/fullcircle-3d01a/locations/us-central1/functions:generateUploadUrl {"uploadUrl":"https://storage.googleapis.com/uploads-350255001662.us-central1.cloudfunctions.appspot.com/0888fadd-ffb7-41f9-b533-7b43b22b1e8e.zip?GoogleAccessId=service-856286042200@gcf-admin-robot.iam.gserviceaccount.com&Expires=1752877171&Signature=Ot1MMTdgerdRtEOpPr9s0gwIEqRC4qgE268L4L1dAQyImflEY6YCGEVo3XRUuHfRYOyrJu5Z2%2FvmdZz%2FmYxVYS%2BBW8SOe%2FsKPTne8KSLWK%2F1i%2F8bkpDQCiQOEdfLRjBUorZ%2BkK8iFdSZU7xD8GWfImHE52DU7A%2ByP3PcdcMYzLlx0CLI%2F4WlvdUq7KCRm7KFTRiBqpVLVPVZpfUDN2NFa76%2Bil6GZjanT0XfwmaZ990uOCmU1MF%2FHrMIB9B7vCJONVUdIZ2ZnY7F6oBFJUeArusaq1DhBcTUREyYpagA6V%2FFwBfKuEko8pVhIdGLuSsdVT%2FJfeip8TL5HH7Kmtgc%2Bw%3D%3D"}
[debug] [2025-07-18T21:49:31.094Z] >>> [apiv2][query] PUT https://storage.googleapis.com/uploads-350255001662.us-central1.cloudfunctions.appspot.com/0888fadd-ffb7-41f9-b533-7b43b22b1e8e.zip GoogleAccessId=service-856286042200%40gcf-admin-robot.iam.gserviceaccount.com&Expires=1752877171&Signature=Ot1MMTdgerdRtEOpPr9s0gwIEqRC4qgE268L4L1dAQyImflEY6YCGEVo3XRUuHfRYOyrJu5Z2%2FvmdZz%2FmYxVYS%2BBW8SOe%2FsKPTne8KSLWK%2F1i%2F8bkpDQCiQOEdfLRjBUorZ%2BkK8iFdSZU7xD8GWfImHE52DU7A%2ByP3PcdcMYzLlx0CLI%2F4WlvdUq7KCRm7KFTRiBqpVLVPVZpfUDN2NFa76%2Bil6GZjanT0XfwmaZ990uOCmU1MF%2FHrMIB9B7vCJONVUdIZ2ZnY7F6oBFJUeArusaq1DhBcTUREyYpagA6V%2FFwBfKuEko8pVhIdGLuSsdVT%2FJfeip8TL5HH7Kmtgc%2Bw%3D%3D
[debug] [2025-07-18T21:49:31.094Z] >>> [apiv2][body] PUT https://storage.googleapis.com/uploads-350255001662.us-central1.cloudfunctions.appspot.com/0888fadd-ffb7-41f9-b533-7b43b22b1e8e.zip [stream]
[debug] [2025-07-18T21:49:31.391Z] <<< [apiv2][status] PUT https://storage.googleapis.com/uploads-350255001662.us-central1.cloudfunctions.appspot.com/0888fadd-ffb7-41f9-b533-7b43b22b1e8e.zip 200
[debug] [2025-07-18T21:49:31.391Z] <<< [apiv2][body] PUT https://storage.googleapis.com/uploads-350255001662.us-central1.cloudfunctions.appspot.com/0888fadd-ffb7-41f9-b533-7b43b22b1e8e.zip [omitted]
[info] ✔  functions: functions folder uploaded successfully 
[info] 
The following functions are found in your project but do not exist in your local source code:
	stripeWebhook(us-central1)
	testStripeConnection(us-central1)
	testStripeInside(us-central1)

If you are renaming a function or changing its region, it is recommended that you create the new function first before deleting the old one to prevent event loss. For more info, visit https://firebase.google.com/docs/functions/manage-functions#modify

